{
  "stats": {
    "suites": 1,
    "tests": 2,
    "passes": 2,
    "pending": 0,
    "failures": 0,
    "start": "2023-07-28T11:02:30.607Z",
    "end": "2023-07-28T11:03:11.716Z",
    "duration": 41109,
    "testsRegistered": 2,
    "passPercent": 100,
    "pendingPercent": 0,
    "other": 0,
    "hasOther": false,
    "skipped": 0,
    "hasSkipped": false
  },
  "results": [
    {
      "uuid": "419fd161-51bc-4cb3-b6ab-d05a9bf69ac3",
      "title": "",
      "fullFile": "cypress\\e2e\\login.cy.js",
      "file": "cypress\\e2e\\login.cy.js",
      "beforeHooks": [],
      "afterHooks": [],
      "tests": [],
      "suites": [
        {
          "uuid": "8b577ad0-2978-448e-9df6-77f5ea25a264",
          "title": "Test Login Functionality",
          "fullFile": "",
          "file": "",
          "beforeHooks": [],
          "afterHooks": [],
          "tests": [
            {
              "title": "user should be able to log in",
              "fullTitle": "Test Login Functionality user should be able to log in",
              "timedOut": null,
              "duration": 34222,
              "state": "passed",
              "speed": "slow",
              "pass": true,
              "fail": false,
              "pending": false,
              "context": null,
              "code": "",
              "err": {},
              "uuid": "4d6f5a46-9c2f-4c2b-9e50-0f4d26d8d192",
              "parentUUID": "8b577ad0-2978-448e-9df6-77f5ea25a264",
              "isHook": false,
              "skipped": false
            },
            {
              "title": "user should not be able to log in",
              "fullTitle": "Test Login Functionality user should not be able to log in",
              "timedOut": null,
              "duration": 6771,
              "state": "passed",
              "speed": "medium",
              "pass": true,
              "fail": false,
              "pending": false,
              "context": null,
              "code": "",
              "err": {},
              "uuid": "b73bb2ea-206f-4a2a-8709-8b99c94f3605",
              "parentUUID": "8b577ad0-2978-448e-9df6-77f5ea25a264",
              "isHook": false,
              "skipped": false
            }
          ],
          "suites": [],
          "passes": [
            "4d6f5a46-9c2f-4c2b-9e50-0f4d26d8d192",
            "b73bb2ea-206f-4a2a-8709-8b99c94f3605"
          ],
          "failures": [],
          "pending": [],
          "skipped": [],
          "duration": 40993,
          "root": false,
          "rootEmpty": false,
          "_timeout": 2000
        }
      ],
      "passes": [],
      "failures": [],
      "pending": [],
      "skipped": [],
      "duration": 0,
      "root": true,
      "rootEmpty": true,
      "_timeout": 2000
    }
  ],
  "meta": {
    "mocha": {
      "version": "7.0.1"
    },
    "mochawesome": {
      "options": {
        "quiet": false,
        "reportFilename": "10pu-cypress-report",
        "saveHtml": true,
        "saveJson": true,
        "consoleReporter": "spec",
        "useInlineDiffs": false,
        "code": false
      },
      "version": "7.1.3"
    },
    "marge": {
      "options": {
        "code": false,
        "overwrite": false,
        "reportFilename": "10pu-cypress-report",
        "autoOpen": true,
        "charts": true
      },
      "version": "6.2.0"
    }
  }
}